C:\USERS\JESSE\DOCUMENTS\VISUAL STUDIO 2012\PROJECTS\MAPMAKER\MAPMAKER\DEBUG\GAMEMAP.OBJ
C:\USERS\JESSE\DOCUMENTS\VISUAL STUDIO 2012\PROJECTS\MAPMAKER\MAPMAKER\DEBUG\GAMEPIECE.OBJ
C:\USERS\JESSE\DOCUMENTS\VISUAL STUDIO 2012\PROJECTS\MAPMAKER\MAPMAKER\DEBUG\ITEM.OBJ
C:\USERS\JESSE\DOCUMENTS\VISUAL STUDIO 2012\PROJECTS\MAPMAKER\MAPMAKER\DEBUG\MAPMAKER.OBJ
C:\USERS\JESSE\DOCUMENTS\VISUAL STUDIO 2012\PROJECTS\MAPMAKER\MAPMAKER\DEBUG\SPECIAL.OBJ
C:\USERS\JESSE\DOCUMENTS\VISUAL STUDIO 2012\PROJECTS\MAPMAKER\MAPMAKER\DEBUG\TERRAIN.OBJ
C:\USERS\JESSE\DOCUMENTS\VISUAL STUDIO 2012\PROJECTS\MAPMAKER\MAPMAKER\DEBUG\UNIT.OBJ
C:\USERS\JESSE\DOCUMENTS\VISUAL STUDIO 2012\PROJECTS\MAPMAKER\MAPMAKER\DEBUG\VC110.PDB
C:\USERS\JESSE\DOCUMENTS\VISUAL STUDIO 2012\PROJECTS\MAPMAKER\DEBUG\MAPMAKER.ILK
C:\USERS\JESSE\DOCUMENTS\VISUAL STUDIO 2012\PROJECTS\MAPMAKER\DEBUG\MAPMAKER.EXE
C:\USERS\JESSE\DOCUMENTS\VISUAL STUDIO 2012\PROJECTS\MAPMAKER\DEBUG\MAPMAKER.PDB
C:\Users\Jesse\documents\visual studio 2012\Projects\MapMaker\MapMaker\Debug\GameMap.obj
C:\Users\Jesse\documents\visual studio 2012\Projects\MapMaker\MapMaker\Debug\GamePiece.obj
C:\Users\Jesse\documents\visual studio 2012\Projects\MapMaker\MapMaker\Debug\Item.obj
C:\Users\Jesse\documents\visual studio 2012\Projects\MapMaker\MapMaker\Debug\MapMaker.obj
C:\Users\Jesse\documents\visual studio 2012\Projects\MapMaker\MapMaker\Debug\Special.obj
C:\Users\Jesse\documents\visual studio 2012\Projects\MapMaker\MapMaker\Debug\Terrain.obj
C:\Users\Jesse\documents\visual studio 2012\Projects\MapMaker\MapMaker\Debug\Unit.obj
C:\Users\Jesse\documents\visual studio 2012\Projects\MapMaker\MapMaker\Debug\cl.command.1.tlog
C:\Users\Jesse\documents\visual studio 2012\Projects\MapMaker\MapMaker\Debug\CL.read.1.tlog
C:\Users\Jesse\documents\visual studio 2012\Projects\MapMaker\MapMaker\Debug\CL.write.1.tlog
C:\Users\Jesse\documents\visual studio 2012\Projects\MapMaker\MapMaker\Debug\link-cvtres.read.1.tlog
C:\Users\Jesse\documents\visual studio 2012\Projects\MapMaker\MapMaker\Debug\link-cvtres.write.1.tlog
C:\Users\Jesse\documents\visual studio 2012\Projects\MapMaker\MapMaker\Debug\link-rc.read.1.tlog
C:\Users\Jesse\documents\visual studio 2012\Projects\MapMaker\MapMaker\Debug\link-rc.write.1.tlog
C:\Users\Jesse\documents\visual studio 2012\Projects\MapMaker\MapMaker\Debug\link.command.1.tlog
C:\Users\Jesse\documents\visual studio 2012\Projects\MapMaker\MapMaker\Debug\link.read.1.tlog
C:\Users\Jesse\documents\visual studio 2012\Projects\MapMaker\MapMaker\Debug\link.write.1.tlog
C:\Users\Jesse\documents\visual studio 2012\Projects\MapMaker\MapMaker\Debug\vc110.idb
C:\Users\Jesse\documents\visual studio 2012\Projects\MapMaker\MapMaker\Debug\vc110.pdb
C:\Users\Jesse\documents\visual studio 2012\Projects\MapMaker\Debug\MapMaker.pdb
C:\Users\Jesse\documents\visual studio 2012\Projects\MapMaker\Debug\MapMaker.exe
C:\Users\Jesse\documents\visual studio 2012\Projects\MapMaker\Debug\MapMaker.ilk
