  Unit.cpp
c:\users\jesse\documents\visual studio 2012\projects\mapmaker\mapmaker\debug\unit.cpp(37): warning C4244: '=' : conversion from 'int' to 'float', possible loss of data
c:\users\jesse\documents\visual studio 2012\projects\mapmaker\mapmaker\debug\unit.cpp(38): warning C4244: '=' : conversion from 'int' to 'float', possible loss of data
c:\users\jesse\documents\visual studio 2012\projects\mapmaker\mapmaker\debug\unit.cpp(39): warning C4244: '=' : conversion from 'int' to 'float', possible loss of data
  Terrain.cpp
  Special.cpp
  MapMaker.cpp
c:\users\jesse\documents\visual studio 2012\projects\mapmaker\mapmaker\debug\mapmaker.cpp(388): warning C4244: 'argument' : conversion from 'time_t' to 'unsigned int', possible loss of data
  Item.cpp
c:\users\jesse\documents\visual studio 2012\projects\mapmaker\mapmaker\debug\special.h(92): warning C4244: '=' : conversion from 'int' to 'float', possible loss of data
          c:\users\jesse\documents\visual studio 2012\projects\mapmaker\mapmaker\debug\item.cpp(82) : see reference to function template instantiation 'void Special::SetMod<int>(int,T)' being compiled
          with
          [
              T=int
          ]
c:\users\jesse\documents\visual studio 2012\projects\mapmaker\mapmaker\debug\special.h(97): warning C4244: '=' : conversion from 'int' to 'float', possible loss of data
c:\users\jesse\documents\visual studio 2012\projects\mapmaker\mapmaker\debug\special.h(102): warning C4244: '=' : conversion from 'int' to 'float', possible loss of data
c:\users\jesse\documents\visual studio 2012\projects\mapmaker\mapmaker\debug\special.h(57): warning C4244: '=' : conversion from 'float' to 'int', possible loss of data
          c:\users\jesse\documents\visual studio 2012\projects\mapmaker\mapmaker\debug\item.cpp(87) : see reference to function template instantiation 'void Special::SetMod<float>(int,T)' being compiled
          with
          [
              T=float
          ]
c:\users\jesse\documents\visual studio 2012\projects\mapmaker\mapmaker\debug\special.h(62): warning C4244: '=' : conversion from 'float' to 'int', possible loss of data
c:\users\jesse\documents\visual studio 2012\projects\mapmaker\mapmaker\debug\special.h(67): warning C4244: '=' : conversion from 'float' to 'int', possible loss of data
c:\users\jesse\documents\visual studio 2012\projects\mapmaker\mapmaker\debug\special.h(72): warning C4244: '=' : conversion from 'float' to 'int', possible loss of data
c:\users\jesse\documents\visual studio 2012\projects\mapmaker\mapmaker\debug\special.h(77): warning C4244: '=' : conversion from 'float' to 'int', possible loss of data
c:\users\jesse\documents\visual studio 2012\projects\mapmaker\mapmaker\debug\special.h(82): warning C4244: '=' : conversion from 'float' to 'int', possible loss of data
c:\users\jesse\documents\visual studio 2012\projects\mapmaker\mapmaker\debug\special.h(87): warning C4244: '=' : conversion from 'float' to 'int', possible loss of data
c:\users\jesse\documents\visual studio 2012\projects\mapmaker\mapmaker\debug\special.h(107): warning C4244: '=' : conversion from 'float' to 'int', possible loss of data
c:\users\jesse\documents\visual studio 2012\projects\mapmaker\mapmaker\debug\special.h(112): warning C4244: '=' : conversion from 'float' to 'int', possible loss of data
c:\users\jesse\documents\visual studio 2012\projects\mapmaker\mapmaker\debug\special.h(117): warning C4244: '=' : conversion from 'float' to 'int', possible loss of data
c:\users\jesse\documents\visual studio 2012\projects\mapmaker\mapmaker\debug\special.h(122): warning C4244: '=' : conversion from 'float' to 'int', possible loss of data
c:\users\jesse\documents\visual studio 2012\projects\mapmaker\mapmaker\debug\special.h(127): warning C4244: '=' : conversion from 'float' to 'int', possible loss of data
c:\users\jesse\documents\visual studio 2012\projects\mapmaker\mapmaker\debug\special.h(132): warning C4244: '=' : conversion from 'float' to 'int', possible loss of data
  GamePiece.cpp
  GameMap.cpp
c:\users\jesse\documents\visual studio 2012\projects\mapmaker\mapmaker\debug\gamemap.cpp(187): warning C4244: 'argument' : conversion from 'time_t' to 'unsigned int', possible loss of data
  Generating Code...
  MapMaker.vcxproj -> C:\Users\Jesse\documents\visual studio 2012\Projects\MapMaker\Debug\MapMaker.exe
